<?xml version="1.0" encoding="UTF-8"?>
<testng-results skipped="0" failed="0" total="1" passed="1">
  <reporter-output>
  </reporter-output>
  <suite name="Default suite" duration-ms="21634" started-at="2021-07-09T00:01:46Z" finished-at="2021-07-09T00:02:08Z">
    <groups>
    </groups>
    <test name="Default test" duration-ms="21634" started-at="2021-07-09T00:01:46Z" finished-at="2021-07-09T00:02:08Z">
      <class name="FrameworkImplementation.SigninPage_Pom_TestNG">
        <test-method status="PASS" signature="SetupTest()[pri:0, instance:FrameworkImplementation.SigninPage_Pom_TestNG@27c20538]" name="SetupTest" is-config="true" duration-ms="6713" started-at="2021-07-09T06:01:46Z" finished-at="2021-07-09T06:01:53Z">
          <reporter-output>
          </reporter-output>
        </test-method> <!-- SetupTest -->
        <test-method status="PASS" signature="Test()[pri:0, instance:FrameworkImplementation.SigninPage_Pom_TestNG@27c20538]" name="Test" duration-ms="13434" started-at="2021-07-09T06:01:53Z" finished-at="2021-07-09T06:02:06Z">
          <reporter-output>
          </reporter-output>
        </test-method> <!-- Test -->
        <test-method status="PASS" signature="Teardown()[pri:0, instance:FrameworkImplementation.SigninPage_Pom_TestNG@27c20538]" name="Teardown" is-config="true" duration-ms="1453" started-at="2021-07-09T06:02:06Z" finished-at="2021-07-09T06:02:08Z">
          <reporter-output>
          </reporter-output>
        </test-method> <!-- Teardown -->
      </class> <!-- FrameworkImplementation.SigninPage_Pom_TestNG -->
    </test> <!-- Default test -->
  </suite> <!-- Default suite -->
</testng-results>
